<?xml version="1.0" encoding="UTF-8"?>
<!-- Generated by org.testng.reporters.JUnitXMLReporter -->
<testsuite hostname="DESKTOP-K2A62FH" ignored="0" name="Login Test" tests="2" failures="1" timestamp="05 May 2022 23:45:39 GMT" time="38.201" errors="0">
  <testcase name="loginTest" time="6.873" classname="com.opencart.testCases.TC001_LoginTest_001"/>
  <testcase name="loginTest" time="5.843" classname="com.opencart.testCases.TC001_LoginTest_Fail">
    <failure type="java.lang.AssertionError" message="expected [true] but found [false]">
      <![CDATA[java.lang.AssertionError: expected [true] but found [false]
	at com.opencart.testCases.TC001_LoginTest_Fail.loginTest(TC001_LoginTest_Fail.java:53)
... Removed 32 stack frames]]>
    </failure>
  </testcase> <!-- loginTest -->
</testsuite> <!-- Login Test -->
