<?xml version="1.0" encoding="UTF-8"?>
<!-- Generated by org.testng.reporters.JUnitXMLReporter -->
<testsuite hostname="DESKTOP-K2A62FH" ignored="0" name="Login Test" tests="6" failures="1" timestamp="06 May 2022 01:55:13 GMT" time="79.937" errors="0">
  <testcase name="loginTest" time="6.954" classname="com.opencart.testCases.TC001_LoginTest_001"/>
  <testcase name="loginTest" time="5.785" classname="com.opencart.testCases.TC001_LoginTest_Fail">
    <failure type="java.lang.AssertionError" message="expected [true] but found [false]">
      <![CDATA[java.lang.AssertionError: expected [true] but found [false]
	at com.opencart.testCases.TC001_LoginTest_Fail.loginTest(TC001_LoginTest_Fail.java:53)
... Removed 29 stack frames]]>
    </failure>
  </testcase> <!-- loginTest -->
  <testcase name="dataloginTest" time="6.568" classname="com.opencart.testCases.TC001_LoginTest_DataDriven"/>
  <testcase name="dataloginTest" time="6.32" classname="com.opencart.testCases.TC001_LoginTest_DataDriven"/>
  <testcase name="dataloginTest" time="6.346" classname="com.opencart.testCases.TC001_LoginTest_DataDriven"/>
  <testcase name="dataloginTest" time="6.751" classname="com.opencart.testCases.TC001_LoginTest_DataDriven"/>
</testsuite> <!-- Login Test -->
