<?xml version="1.0" encoding="UTF-8"?>
<!-- Generated by org.testng.reporters.JUnitXMLReporter -->
<testsuite hostname="DESKTOP-K2A62FH" ignored="0" name="Login Test Fail " tests="1" failures="1" timestamp="05 May 2022 14:49:24 GMT" time="11.127" errors="0">
  <testcase name="loginTest" time="3.231" classname="com.opencart.testCases.TC001_LoginTest_Fail">
    <failure type="java.lang.AssertionError" message="expected [Account Login1] but found [Account Login]">
      <![CDATA[java.lang.AssertionError: expected [Account Login1] but found [Account Login]
	at com.opencart.testCases.TC001_LoginTest_Fail.loginTest(TC001_LoginTest_Fail.java:40)
... Removed 31 stack frames]]>
    </failure>
  </testcase> <!-- loginTest -->
</testsuite> <!-- Login Test Fail  -->
